[debug] [2022-03-26T17:26:59.670Z] ----------------------------------------------------------------------
[debug] [2022-03-26T17:26:59.671Z] Command:       C:\Program Files\nodejs\node.exe C:\Users\Hrvoje\AppData\Roaming\npm\node_modules\firebase-tools\lib\bin\firebase.js login
[debug] [2022-03-26T17:26:59.671Z] CLI Version:   10.5.0
[debug] [2022-03-26T17:26:59.671Z] Platform:      win32
[debug] [2022-03-26T17:26:59.671Z] Node Version:  v16.6.0
[debug] [2022-03-26T17:26:59.672Z] Time:          Sat Mar 26 2022 18:26:59 GMT+0100 (Central European Standard Time)
[debug] [2022-03-26T17:26:59.672Z] ----------------------------------------------------------------------
[debug] 
[debug] [2022-03-26T17:26:59.674Z] >>> [apiv2][query] GET https://firebase-public.firebaseio.com/cli.json [none]
[info] i  Firebase optionally collects CLI usage and error reporting information to help improve our products. Data is collected in accordance with Google's privacy policy (https://policies.google.com/privacy) and is not used to identify you.
 
[debug] [2022-03-26T17:27:00.168Z] <<< [apiv2][status] GET https://firebase-public.firebaseio.com/cli.json 200
[debug] [2022-03-26T17:27:00.168Z] <<< [apiv2][body] GET https://firebase-public.firebaseio.com/cli.json {"cloudBuildErrorAfter":1594252800000,"cloudBuildWarnAfter":1590019200000,"defaultNode10After":1594252800000,"minVersion":"3.0.5","node8DeploysDisabledAfter":1613390400000,"node8RuntimeDisabledAfter":1615809600000,"node8WarnAfter":1600128000000}
[info] 
[info] Visit this URL on this device to log in:
[info] https://accounts.google.com/o/oauth2/auth?client_id=563584335869-fgrhgmd47bqnekij5i8b5pr03ho849e6.apps.googleusercontent.com&scope=email%20openid%20https%3A%2F%2Fwww.googleapis.com%2Fauth%2Fcloudplatformprojects.readonly%20https%3A%2F%2Fwww.googleapis.com%2Fauth%2Ffirebase%20https%3A%2F%2Fwww.googleapis.com%2Fauth%2Fcloud-platform&response_type=code&state=741022392&redirect_uri=http%3A%2F%2Flocalhost%3A9005
[info] 
[info] Waiting for authentication...
[debug] [2022-03-26T17:28:06.033Z] ----------------------------------------------------------------------
[debug] [2022-03-26T17:28:06.034Z] Command:       C:\Program Files\nodejs\node.exe C:\Users\Hrvoje\AppData\Roaming\npm\node_modules\firebase-tools\lib\bin\firebase.js login
[debug] [2022-03-26T17:28:06.035Z] CLI Version:   10.5.0
[debug] [2022-03-26T17:28:06.035Z] Platform:      win32
[debug] [2022-03-26T17:28:06.035Z] Node Version:  v16.6.0
[debug] [2022-03-26T17:28:06.035Z] Time:          Sat Mar 26 2022 18:28:06 GMT+0100 (Central European Standard Time)
[debug] [2022-03-26T17:28:06.035Z] ----------------------------------------------------------------------
[debug] 
[info] i  Firebase optionally collects CLI usage and error reporting information to help improve our products. Data is collected in accordance with Google's privacy policy (https://policies.google.com/privacy) and is not used to identify you.
 
[info] 
[info] Visit this URL on this device to log in:
[info] https://accounts.google.com/o/oauth2/auth?client_id=563584335869-fgrhgmd47bqnekij5i8b5pr03ho849e6.apps.googleusercontent.com&scope=email%20openid%20https%3A%2F%2Fwww.googleapis.com%2Fauth%2Fcloudplatformprojects.readonly%20https%3A%2F%2Fwww.googleapis.com%2Fauth%2Ffirebase%20https%3A%2F%2Fwww.googleapis.com%2Fauth%2Fcloud-platform&response_type=code&state=1031574855&redirect_uri=http%3A%2F%2Flocalhost%3A9005
[info] 
[info] Waiting for authentication...
